{"C:\\Users\\Student\\PaymentsPortal\\server\\index.js": {"path":"C:\\Users\\Student\\PaymentsPortal\\server\\index.js","statementMap":{"0":{"start":{"line":1,"column":14},"end":{"line":1,"column":30}},"1":{"start":{"line":2,"column":11},"end":{"line":2,"column":24}},"2":{"start":{"line":3,"column":16},"end":{"line":3,"column":34}},"3":{"start":{"line":4,"column":17},"end":{"line":4,"column":36}},"4":{"start":{"line":5,"column":13},"end":{"line":5,"column":28}},"5":{"start":{"line":6,"column":15},"end":{"line":6,"column":32}},"6":{"start":{"line":7,"column":15},"end":{"line":7,"column":32}},"7":{"start":{"line":8,"column":22},"end":{"line":8,"column":55}},"8":{"start":{"line":9,"column":12},"end":{"line":9,"column":32}},"9":{"start":{"line":10,"column":12},"end":{"line":10,"column":26}},"10":{"start":{"line":11,"column":18},"end":{"line":11,"column":47}},"11":{"start":{"line":12,"column":20},"end":{"line":12,"column":42}},"12":{"start":{"line":13,"column":0},"end":{"line":13,"column":52}},"13":{"start":{"line":15,"column":12},"end":{"line":15,"column":21}},"14":{"start":{"line":18,"column":0},"end":{"line":18,"column":26}},"15":{"start":{"line":22,"column":0},"end":{"line":22,"column":18}},"16":{"start":{"line":25,"column":0},"end":{"line":25,"column":15}},"17":{"start":{"line":28,"column":0},"end":{"line":28,"column":25}},"18":{"start":{"line":31,"column":0},"end":{"line":31,"column":15}},"19":{"start":{"line":34,"column":0},"end":{"line":34,"column":23}},"20":{"start":{"line":37,"column":0},"end":{"line":37,"column":23}},"21":{"start":{"line":40,"column":0},"end":{"line":40,"column":41}},"22":{"start":{"line":41,"column":0},"end":{"line":41,"column":63}},"23":{"start":{"line":44,"column":0},"end":{"line":49,"column":4}},"24":{"start":{"line":52,"column":16},"end":{"line":56,"column":2}},"25":{"start":{"line":57,"column":0},"end":{"line":57,"column":25}},"26":{"start":{"line":60,"column":20},"end":{"line":64,"column":2}},"27":{"start":{"line":65,"column":0},"end":{"line":65,"column":34}},"28":{"start":{"line":68,"column":0},"end":{"line":68,"column":53}},"29":{"start":{"line":69,"column":0},"end":{"line":69,"column":61}},"30":{"start":{"line":70,"column":0},"end":{"line":70,"column":68}},"31":{"start":{"line":73,"column":0},"end":{"line":75,"column":3}},"32":{"start":{"line":74,"column":2},"end":{"line":74,"column":71}},"33":{"start":{"line":78,"column":0},"end":{"line":80,"column":69}},"34":{"start":{"line":79,"column":14},"end":{"line":79,"column":48}},"35":{"start":{"line":80,"column":18},"end":{"line":80,"column":67}},"36":{"start":{"line":83,"column":16},"end":{"line":83,"column":58}},"37":{"start":{"line":84,"column":17},"end":{"line":84,"column":60}},"38":{"start":{"line":86,"column":20},"end":{"line":89,"column":1}},"39":{"start":{"line":91,"column":13},"end":{"line":91,"column":37}},"40":{"start":{"line":92,"column":0},"end":{"line":94,"column":3}},"41":{"start":{"line":93,"column":2},"end":{"line":93,"column":70}}},"fnMap":{"0":{"name":"(anonymous_0)","decl":{"start":{"line":73,"column":23},"end":{"line":73,"column":24}},"loc":{"start":{"line":73,"column":37},"end":{"line":75,"column":1}},"line":73},"1":{"name":"(anonymous_1)","decl":{"start":{"line":79,"column":8},"end":{"line":79,"column":9}},"loc":{"start":{"line":79,"column":14},"end":{"line":79,"column":48}},"line":79},"2":{"name":"(anonymous_2)","decl":{"start":{"line":80,"column":9},"end":{"line":80,"column":10}},"loc":{"start":{"line":80,"column":18},"end":{"line":80,"column":67}},"line":80},"3":{"name":"(anonymous_3)","decl":{"start":{"line":92,"column":25},"end":{"line":92,"column":26}},"loc":{"start":{"line":92,"column":31},"end":{"line":94,"column":1}},"line":92}},"branchMap":{"0":{"loc":{"start":{"line":91,"column":13},"end":{"line":91,"column":37}},"type":"binary-expr","locations":[{"start":{"line":91,"column":13},"end":{"line":91,"column":29}},{"start":{"line":91,"column":33},"end":{"line":91,"column":37}}],"line":91}},"s":{"0":0,"1":0,"2":0,"3":0,"4":0,"5":0,"6":0,"7":0,"8":0,"9":0,"10":0,"11":0,"12":0,"13":0,"14":0,"15":0,"16":0,"17":0,"18":0,"19":0,"20":0,"21":0,"22":0,"23":0,"24":0,"25":0,"26":0,"27":0,"28":0,"29":0,"30":0,"31":0,"32":0,"33":0,"34":0,"35":0,"36":0,"37":0,"38":0,"39":0,"40":0,"41":0},"f":{"0":0,"1":0,"2":0,"3":0},"b":{"0":[0,0]}}
,"C:\\Users\\Student\\PaymentsPortal\\server\\models\\Employee.js": {"path":"C:\\Users\\Student\\PaymentsPortal\\server\\models\\Employee.js","statementMap":{"0":{"start":{"line":1,"column":17},"end":{"line":1,"column":36}},"1":{"start":{"line":2,"column":15},"end":{"line":2,"column":34}},"2":{"start":{"line":4,"column":23},"end":{"line":32,"column":2}},"3":{"start":{"line":35,"column":0},"end":{"line":44,"column":3}},"4":{"start":{"line":36,"column":2},"end":{"line":36,"column":43}},"5":{"start":{"line":36,"column":36},"end":{"line":36,"column":43}},"6":{"start":{"line":38,"column":2},"end":{"line":43,"column":3}},"7":{"start":{"line":39,"column":17},"end":{"line":39,"column":41}},"8":{"start":{"line":40,"column":4},"end":{"line":40,"column":59}},"9":{"start":{"line":42,"column":4},"end":{"line":42,"column":16}},"10":{"start":{"line":47,"column":0},"end":{"line":49,"column":2}},"11":{"start":{"line":48,"column":2},"end":{"line":48,"column":62}},"12":{"start":{"line":51,"column":0},"end":{"line":51,"column":60}}},"fnMap":{"0":{"name":"(anonymous_0)","decl":{"start":{"line":35,"column":27},"end":{"line":35,"column":28}},"loc":{"start":{"line":35,"column":45},"end":{"line":44,"column":1}},"line":35},"1":{"name":"(anonymous_1)","decl":{"start":{"line":47,"column":41},"end":{"line":47,"column":42}},"loc":{"start":{"line":47,"column":74},"end":{"line":49,"column":1}},"line":47}},"branchMap":{"0":{"loc":{"start":{"line":36,"column":2},"end":{"line":36,"column":43}},"type":"if","locations":[{"start":{"line":36,"column":2},"end":{"line":36,"column":43}},{"start":{},"end":{}}],"line":36}},"s":{"0":1,"1":1,"2":1,"3":1,"4":1,"5":0,"6":1,"7":1,"8":1,"9":0,"10":1,"11":4,"12":1},"f":{"0":1,"1":4},"b":{"0":[0,1]},"_coverageSchema":"1a1c01bbd47fc00a2c39e90264f33305004495a9","hash":"0d8e761728ddc73cbcb4b96cfb3adeebaf6f9b61"}
,"C:\\Users\\Student\\PaymentsPortal\\server\\models\\Transaction.js": {"path":"C:\\Users\\Student\\PaymentsPortal\\server\\models\\Transaction.js","statementMap":{"0":{"start":{"line":1,"column":17},"end":{"line":1,"column":36}},"1":{"start":{"line":3,"column":26},"end":{"line":74,"column":2}},"2":{"start":{"line":76,"column":0},"end":{"line":76,"column":66}}},"fnMap":{},"branchMap":{},"s":{"0":1,"1":1,"2":1},"f":{},"b":{},"_coverageSchema":"1a1c01bbd47fc00a2c39e90264f33305004495a9","hash":"208d61fe91dfc2d8e1f5ed4a736db1cf8edfc592"}
,"C:\\Users\\Student\\PaymentsPortal\\server\\models\\User.js": {"path":"C:\\Users\\Student\\PaymentsPortal\\server\\models\\User.js","statementMap":{"0":{"start":{"line":1,"column":17},"end":{"line":1,"column":36}},"1":{"start":{"line":2,"column":15},"end":{"line":2,"column":34}},"2":{"start":{"line":4,"column":19},"end":{"line":32,"column":2}},"3":{"start":{"line":35,"column":0},"end":{"line":44,"column":3}},"4":{"start":{"line":36,"column":2},"end":{"line":36,"column":43}},"5":{"start":{"line":36,"column":36},"end":{"line":36,"column":43}},"6":{"start":{"line":38,"column":2},"end":{"line":43,"column":3}},"7":{"start":{"line":39,"column":17},"end":{"line":39,"column":41}},"8":{"start":{"line":40,"column":4},"end":{"line":40,"column":59}},"9":{"start":{"line":42,"column":4},"end":{"line":42,"column":16}},"10":{"start":{"line":47,"column":0},"end":{"line":49,"column":2}},"11":{"start":{"line":48,"column":2},"end":{"line":48,"column":62}},"12":{"start":{"line":51,"column":0},"end":{"line":51,"column":52}}},"fnMap":{"0":{"name":"(anonymous_0)","decl":{"start":{"line":35,"column":23},"end":{"line":35,"column":24}},"loc":{"start":{"line":35,"column":41},"end":{"line":44,"column":1}},"line":35},"1":{"name":"(anonymous_1)","decl":{"start":{"line":47,"column":37},"end":{"line":47,"column":38}},"loc":{"start":{"line":47,"column":70},"end":{"line":49,"column":1}},"line":47}},"branchMap":{"0":{"loc":{"start":{"line":36,"column":2},"end":{"line":36,"column":43}},"type":"if","locations":[{"start":{"line":36,"column":2},"end":{"line":36,"column":43}},{"start":{},"end":{}}],"line":36}},"s":{"0":1,"1":1,"2":1,"3":1,"4":3,"5":0,"6":3,"7":3,"8":3,"9":0,"10":1,"11":2,"12":1},"f":{"0":3,"1":2},"b":{"0":[0,3]},"_coverageSchema":"1a1c01bbd47fc00a2c39e90264f33305004495a9","hash":"007e7fdef1b397ab898232065dbbc2bc134fb49d"}
,"C:\\Users\\Student\\PaymentsPortal\\server\\routes\\authRoutes.js": {"path":"C:\\Users\\Student\\PaymentsPortal\\server\\routes\\authRoutes.js","statementMap":{"0":{"start":{"line":1,"column":16},"end":{"line":1,"column":34}},"1":{"start":{"line":2,"column":15},"end":{"line":2,"column":31}},"2":{"start":{"line":3,"column":35},"end":{"line":3,"column":63}},"3":{"start":{"line":4,"column":15},"end":{"line":4,"column":34}},"4":{"start":{"line":5,"column":12},"end":{"line":5,"column":35}},"5":{"start":{"line":6,"column":13},"end":{"line":6,"column":38}},"6":{"start":{"line":7,"column":21},"end":{"line":7,"column":45}},"7":{"start":{"line":9,"column":14},"end":{"line":9,"column":44}},"8":{"start":{"line":10,"column":19},"end":{"line":19,"column":2}},"9":{"start":{"line":15,"column":4},"end":{"line":17,"column":7}},"10":{"start":{"line":22,"column":27},"end":{"line":42,"column":1}},"11":{"start":{"line":44,"column":24},"end":{"line":59,"column":1}},"12":{"start":{"line":63,"column":0},"end":{"line":117,"column":3}},"13":{"start":{"line":65,"column":17},"end":{"line":65,"column":38}},"14":{"start":{"line":66,"column":2},"end":{"line":68,"column":3}},"15":{"start":{"line":67,"column":4},"end":{"line":67,"column":60}},"16":{"start":{"line":70,"column":58},"end":{"line":70,"column":66}},"17":{"start":{"line":72,"column":2},"end":{"line":116,"column":3}},"18":{"start":{"line":74,"column":25},"end":{"line":76,"column":6}},"19":{"start":{"line":78,"column":4},"end":{"line":82,"column":5}},"20":{"start":{"line":79,"column":6},"end":{"line":81,"column":9}},"21":{"start":{"line":85,"column":17},"end":{"line":90,"column":6}},"22":{"start":{"line":93,"column":18},"end":{"line":101,"column":1}},"23":{"start":{"line":103,"column":4},"end":{"line":111,"column":7}},"24":{"start":{"line":114,"column":4},"end":{"line":114,"column":44}},"25":{"start":{"line":115,"column":4},"end":{"line":115,"column":74}},"26":{"start":{"line":121,"column":0},"end":{"line":178,"column":3}},"27":{"start":{"line":123,"column":17},"end":{"line":123,"column":38}},"28":{"start":{"line":124,"column":2},"end":{"line":126,"column":3}},"29":{"start":{"line":125,"column":4},"end":{"line":125,"column":60}},"30":{"start":{"line":128,"column":48},"end":{"line":128,"column":56}},"31":{"start":{"line":130,"column":2},"end":{"line":177,"column":3}},"32":{"start":{"line":132,"column":35},"end":{"line":132,"column":71}},"33":{"start":{"line":133,"column":17},"end":{"line":133,"column":78}},"34":{"start":{"line":135,"column":4},"end":{"line":137,"column":5}},"35":{"start":{"line":136,"column":6},"end":{"line":136,"column":70}},"36":{"start":{"line":140,"column":22},"end":{"line":141,"column":47}},"37":{"start":{"line":143,"column":4},"end":{"line":145,"column":5}},"38":{"start":{"line":144,"column":6},"end":{"line":144,"column":70}},"39":{"start":{"line":148,"column":20},"end":{"line":148,"column":56}},"40":{"start":{"line":149,"column":4},"end":{"line":151,"column":5}},"41":{"start":{"line":150,"column":6},"end":{"line":150,"column":70}},"42":{"start":{"line":154,"column":18},"end":{"line":162,"column":1}},"43":{"start":{"line":164,"column":4},"end":{"line":172,"column":7}},"44":{"start":{"line":175,"column":4},"end":{"line":175,"column":41}},"45":{"start":{"line":176,"column":4},"end":{"line":176,"column":67}},"46":{"start":{"line":180,"column":0},"end":{"line":180,"column":24}}},"fnMap":{"0":{"name":"(anonymous_0)","decl":{"start":{"line":14,"column":16},"end":{"line":14,"column":17}},"loc":{"start":{"line":14,"column":58},"end":{"line":18,"column":3}},"line":14},"1":{"name":"(anonymous_1)","decl":{"start":{"line":63,"column":65},"end":{"line":63,"column":66}},"loc":{"start":{"line":63,"column":85},"end":{"line":117,"column":1}},"line":63},"2":{"name":"(anonymous_2)","decl":{"start":{"line":121,"column":59},"end":{"line":121,"column":60}},"loc":{"start":{"line":121,"column":79},"end":{"line":178,"column":1}},"line":121}},"branchMap":{"0":{"loc":{"start":{"line":11,"column":15},"end":{"line":11,"column":57}},"type":"cond-expr","locations":[{"start":{"line":11,"column":49},"end":{"line":11,"column":53}},{"start":{"line":11,"column":56},"end":{"line":11,"column":57}}],"line":11},"1":{"loc":{"start":{"line":12,"column":11},"end":{"line":12,"column":62}},"type":"cond-expr","locations":[{"start":{"line":12,"column":45},"end":{"line":12,"column":46}},{"start":{"line":12,"column":49},"end":{"line":12,"column":62}}],"line":12},"2":{"loc":{"start":{"line":13,"column":11},"end":{"line":13,"column":63}},"type":"cond-expr","locations":[{"start":{"line":13,"column":45},"end":{"line":13,"column":46}},{"start":{"line":13,"column":49},"end":{"line":13,"column":63}}],"line":13},"3":{"loc":{"start":{"line":66,"column":2},"end":{"line":68,"column":3}},"type":"if","locations":[{"start":{"line":66,"column":2},"end":{"line":68,"column":3}},{"start":{},"end":{}}],"line":66},"4":{"loc":{"start":{"line":78,"column":4},"end":{"line":82,"column":5}},"type":"if","locations":[{"start":{"line":78,"column":4},"end":{"line":82,"column":5}},{"start":{},"end":{}}],"line":78},"5":{"loc":{"start":{"line":124,"column":2},"end":{"line":126,"column":3}},"type":"if","locations":[{"start":{"line":124,"column":2},"end":{"line":126,"column":3}},{"start":{},"end":{}}],"line":124},"6":{"loc":{"start":{"line":135,"column":4},"end":{"line":137,"column":5}},"type":"if","locations":[{"start":{"line":135,"column":4},"end":{"line":137,"column":5}},{"start":{},"end":{}}],"line":135},"7":{"loc":{"start":{"line":143,"column":4},"end":{"line":145,"column":5}},"type":"if","locations":[{"start":{"line":143,"column":4},"end":{"line":145,"column":5}},{"start":{},"end":{}}],"line":143},"8":{"loc":{"start":{"line":149,"column":4},"end":{"line":151,"column":5}},"type":"if","locations":[{"start":{"line":149,"column":4},"end":{"line":151,"column":5}},{"start":{},"end":{}}],"line":149}},"s":{"0":1,"1":1,"2":1,"3":1,"4":1,"5":1,"6":1,"7":1,"8":1,"9":0,"10":1,"11":1,"12":1,"13":6,"14":6,"15":2,"16":4,"17":4,"18":4,"19":4,"20":1,"21":3,"22":3,"23":3,"24":0,"25":0,"26":1,"27":3,"28":3,"29":0,"30":3,"31":3,"32":3,"33":3,"34":3,"35":1,"36":2,"37":2,"38":0,"39":2,"40":2,"41":1,"42":1,"43":1,"44":0,"45":0,"46":1},"f":{"0":0,"1":6,"2":3},"b":{"0":[1,0],"1":[1,0],"2":[1,0],"3":[2,4],"4":[1,3],"5":[0,3],"6":[1,2],"7":[0,2],"8":[1,1]},"_coverageSchema":"1a1c01bbd47fc00a2c39e90264f33305004495a9","hash":"d1efef4be1b7db5c91234e988d6d152f7df91d7d"}
,"C:\\Users\\Student\\PaymentsPortal\\server\\routes\\employeeRoutes.js": {"path":"C:\\Users\\Student\\PaymentsPortal\\server\\routes\\employeeRoutes.js","statementMap":{"0":{"start":{"line":1,"column":16},"end":{"line":1,"column":34}},"1":{"start":{"line":2,"column":15},"end":{"line":2,"column":31}},"2":{"start":{"line":3,"column":35},"end":{"line":3,"column":63}},"3":{"start":{"line":4,"column":12},"end":{"line":4,"column":35}},"4":{"start":{"line":5,"column":17},"end":{"line":5,"column":46}},"5":{"start":{"line":6,"column":21},"end":{"line":6,"column":45}},"6":{"start":{"line":8,"column":14},"end":{"line":8,"column":44}},"7":{"start":{"line":9,"column":19},"end":{"line":18,"column":2}},"8":{"start":{"line":14,"column":4},"end":{"line":16,"column":7}},"9":{"start":{"line":21,"column":24},"end":{"line":31,"column":1}},"10":{"start":{"line":35,"column":0},"end":{"line":80,"column":3}},"11":{"start":{"line":36,"column":17},"end":{"line":36,"column":38}},"12":{"start":{"line":37,"column":2},"end":{"line":39,"column":3}},"13":{"start":{"line":38,"column":4},"end":{"line":38,"column":60}},"14":{"start":{"line":41,"column":33},"end":{"line":41,"column":41}},"15":{"start":{"line":43,"column":2},"end":{"line":79,"column":3}},"16":{"start":{"line":45,"column":30},"end":{"line":45,"column":68}},"17":{"start":{"line":46,"column":21},"end":{"line":46,"column":76}},"18":{"start":{"line":48,"column":4},"end":{"line":50,"column":5}},"19":{"start":{"line":49,"column":6},"end":{"line":49,"column":70}},"20":{"start":{"line":53,"column":20},"end":{"line":53,"column":60}},"21":{"start":{"line":54,"column":4},"end":{"line":56,"column":5}},"22":{"start":{"line":55,"column":6},"end":{"line":55,"column":70}},"23":{"start":{"line":59,"column":18},"end":{"line":63,"column":5}},"24":{"start":{"line":65,"column":4},"end":{"line":74,"column":7}},"25":{"start":{"line":77,"column":4},"end":{"line":77,"column":50}},"26":{"start":{"line":78,"column":4},"end":{"line":78,"column":67}},"27":{"start":{"line":82,"column":0},"end":{"line":82,"column":24}}},"fnMap":{"0":{"name":"(anonymous_0)","decl":{"start":{"line":13,"column":16},"end":{"line":13,"column":17}},"loc":{"start":{"line":13,"column":58},"end":{"line":17,"column":3}},"line":13},"1":{"name":"(anonymous_1)","decl":{"start":{"line":35,"column":59},"end":{"line":35,"column":60}},"loc":{"start":{"line":35,"column":79},"end":{"line":80,"column":1}},"line":35}},"branchMap":{"0":{"loc":{"start":{"line":10,"column":15},"end":{"line":10,"column":57}},"type":"cond-expr","locations":[{"start":{"line":10,"column":49},"end":{"line":10,"column":53}},{"start":{"line":10,"column":56},"end":{"line":10,"column":57}}],"line":10},"1":{"loc":{"start":{"line":11,"column":11},"end":{"line":11,"column":62}},"type":"cond-expr","locations":[{"start":{"line":11,"column":45},"end":{"line":11,"column":46}},{"start":{"line":11,"column":49},"end":{"line":11,"column":62}}],"line":11},"2":{"loc":{"start":{"line":12,"column":11},"end":{"line":12,"column":63}},"type":"cond-expr","locations":[{"start":{"line":12,"column":45},"end":{"line":12,"column":46}},{"start":{"line":12,"column":49},"end":{"line":12,"column":63}}],"line":12},"3":{"loc":{"start":{"line":37,"column":2},"end":{"line":39,"column":3}},"type":"if","locations":[{"start":{"line":37,"column":2},"end":{"line":39,"column":3}},{"start":{},"end":{}}],"line":37},"4":{"loc":{"start":{"line":48,"column":4},"end":{"line":50,"column":5}},"type":"if","locations":[{"start":{"line":48,"column":4},"end":{"line":50,"column":5}},{"start":{},"end":{}}],"line":48},"5":{"loc":{"start":{"line":54,"column":4},"end":{"line":56,"column":5}},"type":"if","locations":[{"start":{"line":54,"column":4},"end":{"line":56,"column":5}},{"start":{},"end":{}}],"line":54}},"s":{"0":1,"1":1,"2":1,"3":1,"4":1,"5":1,"6":1,"7":1,"8":0,"9":1,"10":1,"11":5,"12":5,"13":0,"14":5,"15":5,"16":5,"17":5,"18":5,"19":1,"20":4,"21":4,"22":1,"23":3,"24":3,"25":0,"26":0,"27":1},"f":{"0":0,"1":5},"b":{"0":[1,0],"1":[1,0],"2":[1,0],"3":[0,5],"4":[1,4],"5":[1,3]},"_coverageSchema":"1a1c01bbd47fc00a2c39e90264f33305004495a9","hash":"28f47f2b7e3b0c95650299b0d0374d9a60412237"}
,"C:\\Users\\Student\\PaymentsPortal\\server\\routes\\transactionRoutes.js": {"path":"C:\\Users\\Student\\PaymentsPortal\\server\\routes\\transactionRoutes.js","statementMap":{"0":{"start":{"line":1,"column":16},"end":{"line":1,"column":34}},"1":{"start":{"line":2,"column":15},"end":{"line":2,"column":31}},"2":{"start":{"line":3,"column":35},"end":{"line":3,"column":63}},"3":{"start":{"line":4,"column":12},"end":{"line":4,"column":35}},"4":{"start":{"line":5,"column":20},"end":{"line":5,"column":52}},"5":{"start":{"line":8,"column":24},"end":{"line":21,"column":1}},"6":{"start":{"line":9,"column":21},"end":{"line":9,"column":46}},"7":{"start":{"line":10,"column":2},"end":{"line":12,"column":3}},"8":{"start":{"line":11,"column":4},"end":{"line":11,"column":63}},"9":{"start":{"line":13,"column":16},"end":{"line":13,"column":40}},"10":{"start":{"line":14,"column":2},"end":{"line":20,"column":3}},"11":{"start":{"line":15,"column":20},"end":{"line":15,"column":61}},"12":{"start":{"line":16,"column":4},"end":{"line":16,"column":23}},"13":{"start":{"line":17,"column":4},"end":{"line":17,"column":11}},"14":{"start":{"line":19,"column":4},"end":{"line":19,"column":73}},"15":{"start":{"line":23,"column":24},"end":{"line":36,"column":1}},"16":{"start":{"line":24,"column":21},"end":{"line":24,"column":46}},"17":{"start":{"line":25,"column":2},"end":{"line":27,"column":3}},"18":{"start":{"line":26,"column":4},"end":{"line":26,"column":63}},"19":{"start":{"line":28,"column":16},"end":{"line":28,"column":40}},"20":{"start":{"line":29,"column":2},"end":{"line":35,"column":3}},"21":{"start":{"line":30,"column":20},"end":{"line":30,"column":70}},"22":{"start":{"line":31,"column":4},"end":{"line":31,"column":27}},"23":{"start":{"line":32,"column":4},"end":{"line":32,"column":11}},"24":{"start":{"line":34,"column":4},"end":{"line":34,"column":73}},"25":{"start":{"line":39,"column":30},"end":{"line":68,"column":1}},"26":{"start":{"line":72,"column":0},"end":{"line":108,"column":3}},"27":{"start":{"line":73,"column":17},"end":{"line":73,"column":38}},"28":{"start":{"line":74,"column":2},"end":{"line":76,"column":3}},"29":{"start":{"line":75,"column":4},"end":{"line":75,"column":60}},"30":{"start":{"line":82,"column":6},"end":{"line":82,"column":14}},"31":{"start":{"line":84,"column":2},"end":{"line":107,"column":3}},"32":{"start":{"line":85,"column":24},"end":{"line":97,"column":6}},"33":{"start":{"line":99,"column":4},"end":{"line":102,"column":7}},"34":{"start":{"line":105,"column":4},"end":{"line":105,"column":47}},"35":{"start":{"line":106,"column":4},"end":{"line":106,"column":75}},"36":{"start":{"line":112,"column":0},"end":{"line":123,"column":3}},"37":{"start":{"line":113,"column":2},"end":{"line":122,"column":3}},"38":{"start":{"line":114,"column":25},"end":{"line":116,"column":30}},"39":{"start":{"line":118,"column":4},"end":{"line":118,"column":43}},"40":{"start":{"line":120,"column":4},"end":{"line":120,"column":54}},"41":{"start":{"line":121,"column":4},"end":{"line":121,"column":76}},"42":{"start":{"line":127,"column":0},"end":{"line":152,"column":3}},"43":{"start":{"line":128,"column":2},"end":{"line":151,"column":3}},"44":{"start":{"line":129,"column":24},"end":{"line":137,"column":5}},"45":{"start":{"line":139,"column":4},"end":{"line":141,"column":5}},"46":{"start":{"line":140,"column":6},"end":{"line":140,"column":72}},"47":{"start":{"line":143,"column":4},"end":{"line":146,"column":7}},"48":{"start":{"line":149,"column":4},"end":{"line":149,"column":42}},"49":{"start":{"line":150,"column":4},"end":{"line":150,"column":76}},"50":{"start":{"line":156,"column":0},"end":{"line":177,"column":3}},"51":{"start":{"line":157,"column":2},"end":{"line":176,"column":3}},"52":{"start":{"line":158,"column":24},"end":{"line":162,"column":5}},"53":{"start":{"line":164,"column":4},"end":{"line":166,"column":5}},"54":{"start":{"line":165,"column":6},"end":{"line":165,"column":72}},"55":{"start":{"line":168,"column":4},"end":{"line":171,"column":7}},"56":{"start":{"line":174,"column":4},"end":{"line":174,"column":42}},"57":{"start":{"line":175,"column":4},"end":{"line":175,"column":77}},"58":{"start":{"line":179,"column":0},"end":{"line":179,"column":24}}},"fnMap":{"0":{"name":"(anonymous_0)","decl":{"start":{"line":8,"column":24},"end":{"line":8,"column":25}},"loc":{"start":{"line":8,"column":44},"end":{"line":21,"column":1}},"line":8},"1":{"name":"(anonymous_1)","decl":{"start":{"line":23,"column":24},"end":{"line":23,"column":25}},"loc":{"start":{"line":23,"column":44},"end":{"line":36,"column":1}},"line":23},"2":{"name":"(anonymous_2)","decl":{"start":{"line":72,"column":57},"end":{"line":72,"column":58}},"loc":{"start":{"line":72,"column":77},"end":{"line":108,"column":1}},"line":72},"3":{"name":"(anonymous_3)","decl":{"start":{"line":112,"column":33},"end":{"line":112,"column":34}},"loc":{"start":{"line":112,"column":53},"end":{"line":123,"column":1}},"line":112},"4":{"name":"(anonymous_4)","decl":{"start":{"line":127,"column":45},"end":{"line":127,"column":46}},"loc":{"start":{"line":127,"column":65},"end":{"line":152,"column":1}},"line":127},"5":{"name":"(anonymous_5)","decl":{"start":{"line":156,"column":45},"end":{"line":156,"column":46}},"loc":{"start":{"line":156,"column":65},"end":{"line":177,"column":1}},"line":156}},"branchMap":{"0":{"loc":{"start":{"line":10,"column":2},"end":{"line":12,"column":3}},"type":"if","locations":[{"start":{"line":10,"column":2},"end":{"line":12,"column":3}},{"start":{},"end":{}}],"line":10},"1":{"loc":{"start":{"line":10,"column":6},"end":{"line":10,"column":54}},"type":"binary-expr","locations":[{"start":{"line":10,"column":6},"end":{"line":10,"column":17}},{"start":{"line":10,"column":21},"end":{"line":10,"column":54}}],"line":10},"2":{"loc":{"start":{"line":25,"column":2},"end":{"line":27,"column":3}},"type":"if","locations":[{"start":{"line":25,"column":2},"end":{"line":27,"column":3}},{"start":{},"end":{}}],"line":25},"3":{"loc":{"start":{"line":25,"column":6},"end":{"line":25,"column":54}},"type":"binary-expr","locations":[{"start":{"line":25,"column":6},"end":{"line":25,"column":17}},{"start":{"line":25,"column":21},"end":{"line":25,"column":54}}],"line":25},"4":{"loc":{"start":{"line":74,"column":2},"end":{"line":76,"column":3}},"type":"if","locations":[{"start":{"line":74,"column":2},"end":{"line":76,"column":3}},{"start":{},"end":{}}],"line":74},"5":{"loc":{"start":{"line":91,"column":16},"end":{"line":91,"column":35}},"type":"binary-expr","locations":[{"start":{"line":91,"column":16},"end":{"line":91,"column":24}},{"start":{"line":91,"column":28},"end":{"line":91,"column":35}}],"line":91},"6":{"loc":{"start":{"line":139,"column":4},"end":{"line":141,"column":5}},"type":"if","locations":[{"start":{"line":139,"column":4},"end":{"line":141,"column":5}},{"start":{},"end":{}}],"line":139},"7":{"loc":{"start":{"line":164,"column":4},"end":{"line":166,"column":5}},"type":"if","locations":[{"start":{"line":164,"column":4},"end":{"line":166,"column":5}},{"start":{},"end":{}}],"line":164}},"s":{"0":1,"1":1,"2":1,"3":1,"4":1,"5":1,"6":5,"7":5,"8":1,"9":4,"10":4,"11":4,"12":4,"13":4,"14":0,"15":1,"16":6,"17":6,"18":1,"19":5,"20":5,"21":5,"22":4,"23":4,"24":1,"25":1,"26":1,"27":4,"28":4,"29":2,"30":2,"31":2,"32":2,"33":2,"34":0,"35":0,"36":1,"37":2,"38":2,"39":2,"40":0,"41":0,"42":1,"43":1,"44":1,"45":1,"46":0,"47":1,"48":0,"49":0,"50":1,"51":1,"52":1,"53":1,"54":0,"55":1,"56":0,"57":0,"58":1},"f":{"0":5,"1":6,"2":4,"3":2,"4":1,"5":1},"b":{"0":[1,4],"1":[5,4],"2":[1,5],"3":[6,5],"4":[2,2],"5":[2,0],"6":[0,1],"7":[0,1]},"_coverageSchema":"1a1c01bbd47fc00a2c39e90264f33305004495a9","hash":"cfc4c9b11622850b38056c9609b7746a7242f650"}
}
