TN:
SF:server\models\Employee.js
FN:35,(anonymous_0)
FN:47,(anonymous_1)
FNF:2
FNH:2
FNDA:1,(anonymous_0)
FNDA:6,(anonymous_1)
DA:1,1
DA:2,1
DA:4,1
DA:35,1
DA:36,1
DA:38,1
DA:39,1
DA:40,1
DA:42,0
DA:47,1
DA:48,6
DA:51,1
LF:12
LH:11
BRDA:36,0,0,0
BRDA:36,0,1,1
BRF:2
BRH:1
end_of_record
TN:
SF:server\models\Transaction.js
FNF:0
FNH:0
DA:1,1
DA:3,1
DA:76,1
LF:3
LH:3
BRF:0
BRH:0
end_of_record
TN:
SF:server\models\User.js
FN:35,(anonymous_0)
FN:47,(anonymous_1)
FNF:2
FNH:2
FNDA:4,(anonymous_0)
FNDA:2,(anonymous_1)
DA:1,1
DA:2,1
DA:4,1
DA:35,1
DA:36,4
DA:38,4
DA:39,4
DA:40,4
DA:42,0
DA:47,1
DA:48,2
DA:51,1
LF:12
LH:11
BRDA:36,0,0,0
BRDA:36,0,1,4
BRF:2
BRH:1
end_of_record
TN:
SF:server\routes\authRoutes.js
FN:14,(anonymous_0)
FN:63,(anonymous_1)
FN:121,(anonymous_2)
FNF:3
FNH:2
FNDA:0,(anonymous_0)
FNDA:9,(anonymous_1)
FNDA:5,(anonymous_2)
DA:1,1
DA:2,1
DA:3,1
DA:4,1
DA:5,1
DA:6,1
DA:7,1
DA:9,1
DA:10,1
DA:15,0
DA:22,1
DA:44,1
DA:63,1
DA:65,9
DA:66,9
DA:67,4
DA:70,5
DA:72,5
DA:74,5
DA:78,5
DA:79,1
DA:85,4
DA:93,4
DA:103,4
DA:114,0
DA:115,0
DA:121,1
DA:123,5
DA:124,5
DA:125,2
DA:128,3
DA:130,3
DA:132,3
DA:133,3
DA:135,3
DA:136,1
DA:140,2
DA:143,2
DA:144,0
DA:148,2
DA:149,2
DA:150,1
DA:154,1
DA:164,1
DA:175,0
DA:176,0
DA:180,1
LF:47
LH:41
BRDA:11,0,0,1
BRDA:11,0,1,0
BRDA:12,1,0,1
BRDA:12,1,1,0
BRDA:13,2,0,1
BRDA:13,2,1,0
BRDA:66,3,0,4
BRDA:66,3,1,5
BRDA:78,4,0,1
BRDA:78,4,1,4
BRDA:124,5,0,2
BRDA:124,5,1,3
BRDA:135,6,0,1
BRDA:135,6,1,2
BRDA:143,7,0,0
BRDA:143,7,1,2
BRDA:149,8,0,1
BRDA:149,8,1,1
BRF:18
BRH:14
end_of_record
TN:
SF:server\routes\employeeRoutes.js
FN:13,(anonymous_0)
FN:35,(anonymous_1)
FNF:2
FNH:1
FNDA:0,(anonymous_0)
FNDA:9,(anonymous_1)
DA:1,1
DA:2,1
DA:3,1
DA:4,1
DA:5,1
DA:6,1
DA:8,1
DA:9,1
DA:14,0
DA:21,1
DA:35,1
DA:36,9
DA:37,9
DA:38,2
DA:41,7
DA:43,7
DA:45,7
DA:46,7
DA:48,7
DA:49,1
DA:53,6
DA:54,6
DA:55,1
DA:59,5
DA:65,5
DA:77,0
DA:78,0
DA:82,1
LF:28
LH:25
BRDA:10,0,0,1
BRDA:10,0,1,0
BRDA:11,1,0,1
BRDA:11,1,1,0
BRDA:12,2,0,1
BRDA:12,2,1,0
BRDA:37,3,0,2
BRDA:37,3,1,7
BRDA:48,4,0,1
BRDA:48,4,1,6
BRDA:54,5,0,1
BRDA:54,5,1,5
BRF:12
BRH:9
end_of_record
TN:
SF:server\routes\transactionRoutes.js
FN:8,(anonymous_0)
FN:23,(anonymous_1)
FN:72,(anonymous_2)
FN:112,(anonymous_3)
FN:127,(anonymous_4)
FN:156,(anonymous_5)
FNF:6
FNH:6
FNDA:6,(anonymous_0)
FNDA:11,(anonymous_1)
FNDA:5,(anonymous_2)
FNDA:2,(anonymous_3)
FNDA:2,(anonymous_4)
FNDA:2,(anonymous_5)
DA:1,1
DA:2,1
DA:3,1
DA:4,1
DA:5,1
DA:8,1
DA:9,6
DA:10,6
DA:11,1
DA:13,5
DA:14,5
DA:15,5
DA:16,5
DA:17,5
DA:19,0
DA:23,1
DA:24,11
DA:25,11
DA:26,1
DA:28,10
DA:29,10
DA:30,10
DA:31,6
DA:32,6
DA:34,4
DA:39,1
DA:72,1
DA:73,5
DA:74,5
DA:75,3
DA:82,2
DA:84,2
DA:85,2
DA:99,2
DA:105,0
DA:106,0
DA:112,1
DA:113,2
DA:114,2
DA:118,2
DA:120,0
DA:121,0
DA:127,1
DA:128,2
DA:129,2
DA:139,2
DA:140,1
DA:143,1
DA:149,0
DA:150,0
DA:156,1
DA:157,2
DA:158,2
DA:164,2
DA:165,1
DA:168,1
DA:174,0
DA:175,0
DA:179,1
LF:59
LH:50
BRDA:10,0,0,1
BRDA:10,0,1,5
BRDA:10,1,0,6
BRDA:10,1,1,5
BRDA:25,2,0,1
BRDA:25,2,1,10
BRDA:25,3,0,11
BRDA:25,3,1,10
BRDA:74,4,0,3
BRDA:74,4,1,2
BRDA:91,5,0,2
BRDA:91,5,1,0
BRDA:139,6,0,1
BRDA:139,6,1,1
BRDA:164,7,0,1
BRDA:164,7,1,1
BRF:16
BRH:15
end_of_record
