TN:
SF:server\index.js
FN:73,(anonymous_0)
FN:79,(anonymous_1)
FN:80,(anonymous_2)
FN:92,(anonymous_3)
FNF:4
FNH:0
FNDA:0,(anonymous_0)
FNDA:0,(anonymous_1)
FNDA:0,(anonymous_2)
FNDA:0,(anonymous_3)
DA:1,0
DA:2,0
DA:3,0
DA:4,0
DA:5,0
DA:6,0
DA:7,0
DA:8,0
DA:9,0
DA:10,0
DA:11,0
DA:12,0
DA:13,0
DA:15,0
DA:18,0
DA:22,0
DA:25,0
DA:28,0
DA:31,0
DA:34,0
DA:37,0
DA:40,0
DA:41,0
DA:44,0
DA:52,0
DA:57,0
DA:60,0
DA:65,0
DA:68,0
DA:69,0
DA:70,0
DA:73,0
DA:74,0
DA:78,0
DA:79,0
DA:80,0
DA:83,0
DA:84,0
DA:86,0
DA:91,0
DA:92,0
DA:93,0
LF:42
LH:0
BRDA:91,0,0,0
BRDA:91,0,1,0
BRF:2
BRH:0
end_of_record
TN:
SF:server\models\Employee.js
FN:35,(anonymous_0)
FN:47,(anonymous_1)
FNF:2
FNH:2
FNDA:1,(anonymous_0)
FNDA:3,(anonymous_1)
DA:1,1
DA:2,1
DA:4,1
DA:35,1
DA:36,1
DA:38,1
DA:39,1
DA:40,1
DA:42,0
DA:47,1
DA:48,3
DA:51,1
LF:12
LH:11
BRDA:36,0,0,0
BRDA:36,0,1,1
BRF:2
BRH:1
end_of_record
TN:
SF:server\models\Transaction.js
FNF:0
FNH:0
DA:1,1
DA:3,1
DA:76,1
LF:3
LH:3
BRF:0
BRH:0
end_of_record
TN:
SF:server\models\User.js
FN:35,(anonymous_0)
FN:47,(anonymous_1)
FNF:2
FNH:2
FNDA:2,(anonymous_0)
FNDA:2,(anonymous_1)
DA:1,1
DA:2,1
DA:4,1
DA:35,1
DA:36,2
DA:38,2
DA:39,2
DA:40,2
DA:42,0
DA:47,1
DA:48,2
DA:51,1
LF:12
LH:11
BRDA:36,0,0,0
BRDA:36,0,1,2
BRF:2
BRH:1
end_of_record
TN:
SF:server\routes\authRoutes.js
FN:14,(anonymous_0)
FN:63,(anonymous_1)
FN:121,(anonymous_2)
FNF:3
FNH:2
FNDA:0,(anonymous_0)
FNDA:5,(anonymous_1)
FNDA:3,(anonymous_2)
DA:1,1
DA:2,1
DA:3,1
DA:4,1
DA:5,1
DA:6,1
DA:7,1
DA:9,1
DA:10,1
DA:15,0
DA:22,1
DA:44,1
DA:63,1
DA:65,5
DA:66,5
DA:67,2
DA:70,3
DA:72,3
DA:74,3
DA:78,3
DA:79,1
DA:85,2
DA:93,2
DA:103,2
DA:114,0
DA:115,0
DA:121,1
DA:123,3
DA:124,3
DA:125,0
DA:128,3
DA:130,3
DA:132,3
DA:133,3
DA:135,3
DA:136,1
DA:140,2
DA:143,2
DA:144,0
DA:148,2
DA:149,2
DA:150,1
DA:154,1
DA:164,1
DA:175,0
DA:176,0
DA:180,1
LF:47
LH:40
BRDA:11,0,0,1
BRDA:11,0,1,0
BRDA:12,1,0,1
BRDA:12,1,1,0
BRDA:13,2,0,1
BRDA:13,2,1,0
BRDA:66,3,0,2
BRDA:66,3,1,3
BRDA:78,4,0,1
BRDA:78,4,1,2
BRDA:124,5,0,0
BRDA:124,5,1,3
BRDA:135,6,0,1
BRDA:135,6,1,2
BRDA:143,7,0,0
BRDA:143,7,1,2
BRDA:149,8,0,1
BRDA:149,8,1,1
BRF:18
BRH:13
end_of_record
TN:
SF:server\routes\employeeRoutes.js
FN:13,(anonymous_0)
FN:35,(anonymous_1)
FNF:2
FNH:1
FNDA:0,(anonymous_0)
FNDA:4,(anonymous_1)
DA:1,1
DA:2,1
DA:3,1
DA:4,1
DA:5,1
DA:6,1
DA:8,1
DA:9,1
DA:14,0
DA:21,1
DA:35,1
DA:36,4
DA:37,4
DA:38,0
DA:41,4
DA:43,4
DA:45,4
DA:46,4
DA:48,4
DA:49,1
DA:53,3
DA:54,3
DA:55,1
DA:59,2
DA:65,2
DA:77,0
DA:78,0
DA:82,1
LF:28
LH:24
BRDA:10,0,0,1
BRDA:10,0,1,0
BRDA:11,1,0,1
BRDA:11,1,1,0
BRDA:12,2,0,1
BRDA:12,2,1,0
BRDA:37,3,0,0
BRDA:37,3,1,4
BRDA:48,4,0,1
BRDA:48,4,1,3
BRDA:54,5,0,1
BRDA:54,5,1,2
BRF:12
BRH:8
end_of_record
TN:
SF:server\routes\transactionRoutes.js
FN:8,(anonymous_0)
FN:23,(anonymous_1)
FN:72,(anonymous_2)
FN:112,(anonymous_3)
FN:127,(anonymous_4)
FN:156,(anonymous_5)
FNF:6
FNH:4
FNDA:4,(anonymous_0)
FNDA:1,(anonymous_1)
FNDA:3,(anonymous_2)
FNDA:1,(anonymous_3)
FNDA:0,(anonymous_4)
FNDA:0,(anonymous_5)
DA:1,1
DA:2,1
DA:3,1
DA:4,1
DA:5,1
DA:8,1
DA:9,4
DA:10,4
DA:11,1
DA:13,3
DA:14,3
DA:15,3
DA:16,3
DA:17,3
DA:19,0
DA:23,1
DA:24,1
DA:25,1
DA:26,0
DA:28,1
DA:29,1
DA:30,1
DA:31,1
DA:32,1
DA:34,0
DA:39,1
DA:72,1
DA:73,3
DA:74,3
DA:75,2
DA:82,1
DA:84,1
DA:85,1
DA:99,1
DA:105,0
DA:106,0
DA:112,1
DA:113,1
DA:114,1
DA:118,1
DA:120,0
DA:121,0
DA:127,1
DA:128,0
DA:129,0
DA:139,0
DA:140,0
DA:143,0
DA:149,0
DA:150,0
DA:156,1
DA:157,0
DA:158,0
DA:164,0
DA:165,0
DA:168,0
DA:174,0
DA:175,0
DA:179,1
LF:59
LH:38
BRDA:10,0,0,1
BRDA:10,0,1,3
BRDA:10,1,0,4
BRDA:10,1,1,3
BRDA:25,2,0,0
BRDA:25,2,1,1
BRDA:25,3,0,1
BRDA:25,3,1,1
BRDA:74,4,0,2
BRDA:74,4,1,1
BRDA:91,5,0,1
BRDA:91,5,1,0
BRDA:139,6,0,0
BRDA:139,6,1,0
BRDA:164,7,0,0
BRDA:164,7,1,0
BRF:16
BRH:10
end_of_record
